<?xml version="1.0" encoding="UTF-8"?>
<coverage generated="1720833582846" clover="3.2.0">
  <project timestamp="1720833582847" name="All files">
    <metrics statements="127" coveredstatements="102" conditionals="65" coveredconditionals="48" methods="64" coveredmethods="48" elements="256" coveredelements="198" complexity="0" loc="127" ncloc="127" packages="5" files="19" classes="19"/>
    <package name="components">
      <metrics statements="25" coveredstatements="23" conditionals="6" coveredconditionals="4" methods="13" coveredmethods="12"/>
      <file name="Application.js" path="/home/labber/lighthouse/week19/scheduler/src/components/Application.js">
        <metrics statements="7" coveredstatements="6" conditionals="0" coveredconditionals="0" methods="3" coveredmethods="2"/>
        <line num="8" count="1" type="stmt"/>
        <line num="11" count="5" type="stmt"/>
        <line num="12" count="5" type="stmt"/>
        <line num="14" count="5" type="stmt"/>
        <line num="15" count="6" type="stmt"/>
        <line num="22" count="0" type="stmt"/>
        <line num="26" count="5" type="stmt"/>
      </file>
      <file name="Button.js" path="/home/labber/lighthouse/week19/scheduler/src/components/Button.js">
        <metrics statements="2" coveredstatements="2" conditionals="0" coveredconditionals="0" methods="1" coveredmethods="1"/>
        <line num="8" count="41" type="stmt"/>
        <line num="13" count="41" type="stmt"/>
      </file>
      <file name="DayList.js" path="/home/labber/lighthouse/week19/scheduler/src/components/DayList.js">
        <metrics statements="3" coveredstatements="3" conditionals="0" coveredconditionals="0" methods="2" coveredmethods="2"/>
        <line num="6" count="5" type="stmt"/>
        <line num="7" count="6" type="stmt"/>
        <line num="18" count="5" type="stmt"/>
      </file>
      <file name="DayListItem.js" path="/home/labber/lighthouse/week19/scheduler/src/components/DayListItem.js">
        <metrics statements="6" coveredstatements="5" conditionals="4" coveredconditionals="2" methods="3" coveredmethods="3"/>
        <line num="7" count="6" type="cond" truecount="1" falsecount="1"/>
        <line num="8" count="6" type="cond" truecount="1" falsecount="1"/>
        <line num="10" count="0" type="stmt"/>
        <line num="14" count="6" type="stmt"/>
        <line num="19" count="6" type="stmt"/>
        <line num="22" count="1" type="stmt"/>
      </file>
      <file name="InterviewerList.js" path="/home/labber/lighthouse/week19/scheduler/src/components/InterviewerList.js">
        <metrics statements="5" coveredstatements="5" conditionals="0" coveredconditionals="0" methods="3" coveredmethods="3"/>
        <line num="9" count="20" type="stmt"/>
        <line num="10" count="23" type="stmt"/>
        <line num="17" count="1" type="stmt"/>
        <line num="22" count="20" type="stmt"/>
        <line num="30" count="3" type="stmt"/>
      </file>
      <file name="InterviewerListItem.js" path="/home/labber/lighthouse/week19/scheduler/src/components/InterviewerListItem.js">
        <metrics statements="2" coveredstatements="2" conditionals="2" coveredconditionals="2" methods="1" coveredmethods="1"/>
        <line num="7" count="23" type="stmt"/>
        <line num="11" count="23" type="stmt"/>
      </file>
    </package>
    <package name="components.Appointment">
      <metrics statements="52" coveredstatements="43" conditionals="30" coveredconditionals="26" methods="23" coveredmethods="15"/>
      <file name="Confirm.js" path="/home/labber/lighthouse/week19/scheduler/src/components/Appointment/Confirm.js">
        <metrics statements="1" coveredstatements="0" conditionals="0" coveredconditionals="0" methods="1" coveredmethods="0"/>
        <line num="6" count="0" type="stmt"/>
      </file>
      <file name="Empty.js" path="/home/labber/lighthouse/week19/scheduler/src/components/Appointment/Empty.js">
        <metrics statements="1" coveredstatements="1" conditionals="0" coveredconditionals="0" methods="1" coveredmethods="1"/>
        <line num="4" count="9" type="stmt"/>
      </file>
      <file name="Error.js" path="/home/labber/lighthouse/week19/scheduler/src/components/Appointment/Error.js">
        <metrics statements="1" coveredstatements="1" conditionals="0" coveredconditionals="0" methods="1" coveredmethods="1"/>
        <line num="4" count="1" type="stmt"/>
      </file>
      <file name="Form.js" path="/home/labber/lighthouse/week19/scheduler/src/components/Appointment/Form.js">
        <metrics statements="23" coveredstatements="22" conditionals="8" coveredconditionals="8" methods="7" coveredmethods="6"/>
        <line num="6" count="20" type="stmt"/>
        <line num="7" count="20" type="stmt"/>
        <line num="10" count="20" type="stmt"/>
        <line num="11" count="7" type="cond" truecount="2" falsecount="0"/>
        <line num="12" count="3" type="stmt"/>
        <line num="16" count="20" type="cond" truecount="2" falsecount="0"/>
        <line num="19" count="3" type="stmt"/>
        <line num="20" count="3" type="stmt"/>
        <line num="24" count="1" type="stmt"/>
        <line num="25" count="1" type="stmt"/>
        <line num="29" count="6" type="cond" truecount="2" falsecount="0"/>
        <line num="30" count="2" type="stmt"/>
        <line num="31" count="2" type="stmt"/>
        <line num="34" count="4" type="cond" truecount="2" falsecount="0"/>
        <line num="35" count="2" type="stmt"/>
        <line num="36" count="2" type="stmt"/>
        <line num="40" count="2" type="stmt"/>
        <line num="43" count="2" type="stmt"/>
        <line num="46" count="2" type="stmt"/>
        <line num="48" count="2" type="stmt"/>
        <line num="51" count="20" type="stmt"/>
        <line num="54" count="0" type="stmt"/>
        <line num="62" count="3" type="stmt"/>
      </file>
      <file name="Header.js" path="/home/labber/lighthouse/week19/scheduler/src/components/Appointment/Header.js">
        <metrics statements="1" coveredstatements="1" conditionals="0" coveredconditionals="0" methods="1" coveredmethods="1"/>
        <line num="4" count="15" type="stmt"/>
      </file>
      <file name="Show.js" path="/home/labber/lighthouse/week19/scheduler/src/components/Appointment/Show.js">
        <metrics statements="1" coveredstatements="1" conditionals="2" coveredconditionals="2" methods="1" coveredmethods="1"/>
        <line num="4" count="3" type="stmt"/>
      </file>
      <file name="Status.js" path="/home/labber/lighthouse/week19/scheduler/src/components/Appointment/Status.js">
        <metrics statements="1" coveredstatements="1" conditionals="0" coveredconditionals="0" methods="1" coveredmethods="1"/>
        <line num="4" count="1" type="stmt"/>
      </file>
      <file name="index.js" path="/home/labber/lighthouse/week19/scheduler/src/components/Appointment/index.js">
        <metrics statements="23" coveredstatements="16" conditionals="20" coveredconditionals="16" methods="10" coveredmethods="4"/>
        <line num="11" count="2" type="stmt"/>
        <line num="12" count="2" type="stmt"/>
        <line num="13" count="2" type="stmt"/>
        <line num="14" count="2" type="stmt"/>
        <line num="15" count="2" type="stmt"/>
        <line num="16" count="2" type="stmt"/>
        <line num="17" count="2" type="stmt"/>
        <line num="18" count="2" type="stmt"/>
        <line num="19" count="2" type="stmt"/>
        <line num="22" count="15" type="stmt"/>
        <line num="27" count="1" type="stmt"/>
        <line num="32" count="1" type="stmt"/>
        <line num="34" count="1" type="stmt"/>
        <line num="35" count="0" type="stmt"/>
        <line num="36" count="1" type="stmt"/>
        <line num="40" count="0" type="stmt"/>
        <line num="41" count="0" type="stmt"/>
        <line num="42" count="0" type="stmt"/>
        <line num="43" count="0" type="stmt"/>
        <line num="46" count="15" type="stmt"/>
        <line num="49" count="1" type="cond" truecount="2" falsecount="0"/>
        <line num="54" count="0" type="stmt"/>
        <line num="55" count="0" type="stmt"/>
      </file>
    </package>
    <package name="helpers">
      <metrics statements="7" coveredstatements="7" conditionals="10" coveredconditionals="10" methods="7" coveredmethods="7"/>
      <file name="selectors.js" path="/home/labber/lighthouse/week19/scheduler/src/helpers/selectors.js">
        <metrics statements="7" coveredstatements="7" conditionals="10" coveredconditionals="10" methods="7" coveredmethods="7"/>
        <line num="2" count="10" type="stmt"/>
        <line num="4" count="10" type="cond" truecount="4" falsecount="0"/>
        <line num="6" count="14" type="stmt"/>
        <line num="10" count="10" type="stmt"/>
        <line num="12" count="10" type="cond" truecount="4" falsecount="0"/>
        <line num="14" count="12" type="stmt"/>
        <line num="18" count="8" type="stmt"/>
      </file>
    </package>
    <package name="hooks">
      <metrics statements="28" coveredstatements="22" conditionals="9" coveredconditionals="5" methods="17" coveredmethods="13"/>
      <file name="useApplicationData.js" path="/home/labber/lighthouse/week19/scheduler/src/hooks/useApplicationData.js">
        <metrics statements="11" coveredstatements="8" conditionals="0" coveredconditionals="0" methods="8" coveredmethods="5"/>
        <line num="14" count="5" type="stmt"/>
        <line num="21" count="5" type="stmt"/>
        <line num="23" count="5" type="stmt"/>
        <line num="24" count="2" type="stmt"/>
        <line num="30" count="2" type="stmt"/>
        <line num="39" count="5" type="stmt"/>
        <line num="42" count="1" type="stmt"/>
        <line num="43" count="0" type="stmt"/>
        <line num="52" count="0" type="stmt"/>
        <line num="53" count="0" type="stmt"/>
        <line num="61" count="5" type="stmt"/>
      </file>
      <file name="useRealtimeUpdate.js" path="/home/labber/lighthouse/week19/scheduler/src/hooks/useRealtimeUpdate.js">
        <metrics statements="8" coveredstatements="5" conditionals="4" coveredconditionals="0" methods="4" coveredmethods="3"/>
        <line num="5" count="5" type="stmt"/>
        <line num="6" count="2" type="stmt"/>
        <line num="8" count="2" type="stmt"/>
        <line num="9" count="0" type="stmt"/>
        <line num="11" count="0" type="cond" truecount="0" falsecount="4"/>
        <line num="12" count="0" type="stmt"/>
        <line num="16" count="2" type="stmt"/>
        <line num="17" count="2" type="stmt"/>
      </file>
      <file name="useVisualMode.js" path="/home/labber/lighthouse/week19/scheduler/src/hooks/useVisualMode.js">
        <metrics statements="9" coveredstatements="9" conditionals="5" coveredconditionals="5" methods="5" coveredmethods="5"/>
        <line num="4" count="28" type="stmt"/>
        <line num="7" count="8" type="stmt"/>
        <line num="8" count="8" type="cond" truecount="2" falsecount="0"/>
        <line num="9" count="2" type="stmt"/>
        <line num="11" count="6" type="stmt"/>
        <line num="17" count="4" type="cond" truecount="2" falsecount="0"/>
        <line num="18" count="3" type="stmt"/>
        <line num="22" count="28" type="stmt"/>
        <line num="24" count="28" type="stmt"/>
      </file>
    </package>
    <package name="reducers">
      <metrics statements="15" coveredstatements="7" conditionals="10" coveredconditionals="3" methods="4" coveredmethods="1"/>
      <file name="application.js" path="/home/labber/lighthouse/week19/scheduler/src/reducers/application.js">
        <metrics statements="15" coveredstatements="7" conditionals="10" coveredconditionals="3" methods="4" coveredmethods="1"/>
        <line num="1" count="2" type="stmt"/>
        <line num="2" count="2" type="stmt"/>
        <line num="3" count="2" type="stmt"/>
        <line num="6" count="4" type="cond" truecount="3" falsecount="1"/>
        <line num="8" count="1" type="stmt"/>
        <line num="10" count="2" type="stmt"/>
        <line num="17" count="0" type="stmt"/>
        <line num="22" count="0" type="stmt"/>
        <line num="27" count="0" type="stmt"/>
        <line num="28" count="0" type="stmt"/>
        <line num="30" count="0" type="cond" truecount="0" falsecount="2"/>
        <line num="34" count="0" type="stmt"/>
        <line num="35" count="0" type="cond" truecount="0" falsecount="2"/>
        <line num="43" count="0" type="stmt"/>
        <line num="50" count="1" type="stmt"/>
      </file>
    </package>
  </project>
</coverage>
