TN:
SF:/home/labber/lighthouse/week19/scheduler/src/components/Application.js
FN:10,Application
FN:14,(anonymous_1)
FN:22,(anonymous_2)
FNF:3
FNH:2
FNDA:5,Application
FNDA:6,(anonymous_1)
FNDA:0,(anonymous_2)
DA:8,1
DA:11,5
DA:12,5
DA:14,5
DA:15,6
DA:22,0
DA:26,5
LF:7
LH:6
BRF:0
BRH:0
end_of_record
TN:
SF:/home/labber/lighthouse/week19/scheduler/src/components/Button.js
FN:7,Button
FNF:1
FNH:1
FNDA:41,Button
DA:8,41
DA:13,41
LF:2
LH:2
BRF:0
BRH:0
end_of_record
TN:
SF:/home/labber/lighthouse/week19/scheduler/src/components/DayList.js
FN:5,DayList
FN:6,(anonymous_1)
FNF:2
FNH:2
FNDA:5,DayList
FNDA:6,(anonymous_1)
DA:6,5
DA:7,6
DA:18,5
LF:3
LH:3
BRF:0
BRH:0
end_of_record
TN:
SF:/home/labber/lighthouse/week19/scheduler/src/components/DayListItem.js
FN:6,formatSpots
FN:13,DayListItem
FN:22,(anonymous_2)
FNF:3
FNH:3
FNDA:6,formatSpots
FNDA:6,DayListItem
FNDA:1,(anonymous_2)
DA:7,6
DA:8,6
DA:10,0
DA:14,6
DA:19,6
DA:22,1
LF:6
LH:5
BRDA:7,0,0,0
BRDA:7,0,1,6
BRDA:8,1,0,6
BRDA:8,1,1,0
BRF:4
BRH:2
end_of_record
TN:
SF:/home/labber/lighthouse/week19/scheduler/src/components/InterviewerList.js
FN:8,InterviewerList
FN:9,(anonymous_1)
FN:17,(anonymous_2)
FNF:3
FNH:3
FNDA:20,InterviewerList
FNDA:23,(anonymous_1)
FNDA:1,(anonymous_2)
DA:9,20
DA:10,23
DA:17,1
DA:22,20
DA:30,3
LF:5
LH:5
BRF:0
BRH:0
end_of_record
TN:
SF:/home/labber/lighthouse/week19/scheduler/src/components/InterviewerListItem.js
FN:6,InterviewerItem
FNF:1
FNH:1
FNDA:23,InterviewerItem
DA:7,23
DA:11,23
LF:2
LH:2
BRDA:18,0,0,23
BRDA:18,0,1,4
BRF:2
BRH:2
end_of_record
TN:
SF:/home/labber/lighthouse/week19/scheduler/src/components/Appointment/Confirm.js
FN:5,Confirm
FNF:1
FNH:0
FNDA:0,Confirm
DA:6,0
LF:1
LH:0
BRF:0
BRH:0
end_of_record
TN:
SF:/home/labber/lighthouse/week19/scheduler/src/components/Appointment/Empty.js
FN:3,Empty
FNF:1
FNH:1
FNDA:9,Empty
DA:4,9
LF:1
LH:1
BRF:0
BRH:0
end_of_record
TN:
SF:/home/labber/lighthouse/week19/scheduler/src/components/Appointment/Error.js
FN:3,Error
FNF:1
FNH:1
FNDA:1,Error
DA:4,1
LF:1
LH:1
BRF:0
BRH:0
end_of_record
TN:
SF:/home/labber/lighthouse/week19/scheduler/src/components/Appointment/Form.js
FN:5,Form
FN:10,(anonymous_1)
FN:18,reset
FN:23,cancel
FN:28,validate
FN:54,(anonymous_5)
FN:61,(anonymous_6)
FNF:7
FNH:6
FNDA:20,Form
FNDA:7,(anonymous_1)
FNDA:3,reset
FNDA:1,cancel
FNDA:6,validate
FNDA:0,(anonymous_5)
FNDA:3,(anonymous_6)
DA:6,20
DA:7,20
DA:10,20
DA:11,7
DA:12,3
DA:16,20
DA:19,3
DA:20,3
DA:24,1
DA:25,1
DA:29,6
DA:30,2
DA:31,2
DA:34,4
DA:35,2
DA:36,2
DA:40,2
DA:43,2
DA:46,2
DA:48,2
DA:51,20
DA:54,0
DA:62,3
LF:23
LH:22
BRDA:11,0,0,3
BRDA:11,0,1,4
BRDA:16,1,0,20
BRDA:16,1,1,16
BRDA:29,2,0,2
BRDA:29,2,1,4
BRDA:34,3,0,2
BRDA:34,3,1,2
BRF:8
BRH:8
end_of_record
TN:
SF:/home/labber/lighthouse/week19/scheduler/src/components/Appointment/Header.js
FN:3,Header
FNF:1
FNH:1
FNDA:15,Header
DA:4,15
LF:1
LH:1
BRF:0
BRH:0
end_of_record
TN:
SF:/home/labber/lighthouse/week19/scheduler/src/components/Appointment/Show.js
FN:3,Show
FNF:1
FNH:1
FNDA:3,Show
DA:4,3
LF:1
LH:1
BRDA:11,0,0,3
BRDA:11,0,1,3
BRF:2
BRH:2
end_of_record
TN:
SF:/home/labber/lighthouse/week19/scheduler/src/components/Appointment/Status.js
FN:3,Status
FNF:1
FNH:1
FNDA:1,Status
DA:4,1
LF:1
LH:1
BRF:0
BRH:0
end_of_record
TN:
SF:/home/labber/lighthouse/week19/scheduler/src/components/Appointment/index.js
FN:21,Appointment
FN:26,save
FN:35,(anonymous_2)
FN:36,(anonymous_3)
FN:39,destroy
FN:42,(anonymous_5)
FN:43,(anonymous_6)
FN:49,(anonymous_7)
FN:54,(anonymous_8)
FN:55,(anonymous_9)
FNF:10
FNH:4
FNDA:15,Appointment
FNDA:1,save
FNDA:0,(anonymous_2)
FNDA:1,(anonymous_3)
FNDA:0,destroy
FNDA:0,(anonymous_5)
FNDA:0,(anonymous_6)
FNDA:1,(anonymous_7)
FNDA:0,(anonymous_8)
FNDA:0,(anonymous_9)
DA:11,2
DA:12,2
DA:13,2
DA:14,2
DA:15,2
DA:16,2
DA:17,2
DA:18,2
DA:19,2
DA:22,15
DA:27,1
DA:32,1
DA:34,1
DA:35,0
DA:36,1
DA:40,0
DA:41,0
DA:42,0
DA:43,0
DA:46,15
DA:49,1
DA:54,0
DA:55,0
LF:23
LH:16
BRDA:23,0,0,3
BRDA:23,0,1,12
BRDA:49,1,0,15
BRDA:49,1,1,9
BRDA:50,2,0,15
BRDA:50,2,1,3
BRDA:58,3,0,15
BRDA:58,3,1,1
BRDA:65,4,0,15
BRDA:65,4,1,0
BRDA:74,5,0,15
BRDA:74,5,1,1
BRDA:75,6,0,15
BRDA:75,6,1,0
BRDA:76,7,0,15
BRDA:76,7,1,0
BRDA:83,8,0,15
BRDA:83,8,1,1
BRDA:89,9,0,15
BRDA:89,9,1,0
BRF:20
BRH:16
end_of_record
TN:
SF:/home/labber/lighthouse/week19/scheduler/src/helpers/selectors.js
FN:1,getAppointmentsForDay
FN:2,(anonymous_1)
FN:6,(anonymous_2)
FN:9,getInterviewersForDay
FN:10,(anonymous_4)
FN:14,(anonymous_5)
FN:17,getInterview
FNF:7
FNH:7
FNDA:10,getAppointmentsForDay
FNDA:10,(anonymous_1)
FNDA:14,(anonymous_2)
FNDA:10,getInterviewersForDay
FNDA:10,(anonymous_4)
FNDA:12,(anonymous_5)
FNDA:8,getInterview
DA:2,10
DA:4,10
DA:6,14
DA:10,10
DA:12,10
DA:14,12
DA:18,8
LF:7
LH:7
BRDA:4,0,0,4
BRDA:4,0,1,6
BRDA:4,1,0,10
BRDA:4,1,1,7
BRDA:12,2,0,4
BRDA:12,2,1,6
BRDA:12,3,0,10
BRDA:12,3,1,7
BRDA:19,4,0,8
BRDA:19,4,1,4
BRF:10
BRH:10
end_of_record
TN:
SF:/home/labber/lighthouse/week19/scheduler/src/hooks/useApplicationData.js
FN:13,useApplicationData
FN:21,(anonymous_1)
FN:23,(anonymous_2)
FN:29,(anonymous_3)
FN:41,bookInterview
FN:42,(anonymous_5)
FN:51,cancelInterview
FN:52,(anonymous_7)
FNF:8
FNH:5
FNDA:5,useApplicationData
FNDA:1,(anonymous_1)
FNDA:2,(anonymous_2)
FNDA:2,(anonymous_3)
FNDA:1,bookInterview
FNDA:0,(anonymous_5)
FNDA:0,cancelInterview
FNDA:0,(anonymous_7)
DA:14,5
DA:21,5
DA:23,5
DA:24,2
DA:30,2
DA:39,5
DA:42,1
DA:43,0
DA:52,0
DA:53,0
DA:61,5
LF:11
LH:8
BRF:0
BRH:0
end_of_record
TN:
SF:/home/labber/lighthouse/week19/scheduler/src/hooks/useRealtimeUpdate.js
FN:4,useRealtimeUpdate
FN:5,(anonymous_1)
FN:8,(anonymous_2)
FN:16,(anonymous_3)
FNF:4
FNH:3
FNDA:5,useRealtimeUpdate
FNDA:2,(anonymous_1)
FNDA:0,(anonymous_2)
FNDA:2,(anonymous_3)
DA:5,5
DA:6,2
DA:8,2
DA:9,0
DA:11,0
DA:12,0
DA:16,2
DA:17,2
LF:8
LH:5
BRDA:11,0,0,0
BRDA:11,0,1,0
BRDA:11,1,0,0
BRDA:11,1,1,0
BRF:4
BRH:0
end_of_record
TN:
SF:/home/labber/lighthouse/week19/scheduler/src/hooks/useVisualMode.js
FN:3,useVisualMode
FN:6,transition
FN:7,(anonymous_2)
FN:16,back
FN:18,(anonymous_4)
FNF:5
FNH:5
FNDA:28,useVisualMode
FNDA:8,transition
FNDA:8,(anonymous_2)
FNDA:4,back
FNDA:3,(anonymous_4)
DA:4,28
DA:7,8
DA:8,8
DA:9,2
DA:11,6
DA:17,4
DA:18,3
DA:22,28
DA:24,28
LF:9
LH:9
BRDA:6,0,0,6
BRDA:8,1,0,2
BRDA:8,1,1,6
BRDA:17,2,0,3
BRDA:17,2,1,1
BRF:5
BRH:5
end_of_record
TN:
SF:/home/labber/lighthouse/week19/scheduler/src/reducers/application.js
FN:5,reducer
FN:27,(anonymous_1)
FN:30,(anonymous_2)
FN:34,(anonymous_3)
FNF:4
FNH:1
FNDA:4,reducer
FNDA:0,(anonymous_1)
FNDA:0,(anonymous_2)
FNDA:0,(anonymous_3)
DA:1,2
DA:2,2
DA:3,2
DA:6,4
DA:8,1
DA:10,2
DA:17,0
DA:22,0
DA:27,0
DA:28,0
DA:30,0
DA:34,0
DA:35,0
DA:43,0
DA:50,1
LF:15
LH:7
BRDA:6,0,0,1
BRDA:6,0,1,2
BRDA:6,0,2,0
BRDA:6,0,3,1
BRDA:19,1,0,0
BRDA:19,1,1,0
BRDA:30,2,0,0
BRDA:30,2,1,0
BRDA:35,3,0,0
BRDA:35,3,1,0
BRF:10
BRH:3
end_of_record
